#
# A fatal error has been detected by the Java Runtime Environment:
#
#  EXCEPTION_ACCESS_VIOLATION (0xc0000005) at pc=0x00007ffcd071e44a, pid=11528, tid=0x0000000000000a54
#
# JRE version: Java(TM) SE Runtime Environment (8.0_101-b13) (build 1.8.0_101-b13)
# Java VM: Java HotSpot(TM) 64-Bit Server VM (25.101-b13 mixed mode windows-amd64 compressed oops)
# Problematic frame:
# C  [lwjgl_opengl.dll+0xe44a]
#
# Failed to write core dump. Minidumps are not enabled by default on client versions of Windows
#
# If you would like to submit a bug report, please visit:
#   http://bugreport.java.com/bugreport/crash.jsp
# The crash happened outside the Java Virtual Machine in native code.
# See problematic frame for where to report the bug.
#

---------------  T H R E A D  ---------------

Current thread (0x000000001a3e8800):  JavaThread "Thread-1" daemon [_thread_in_native, id=2644, stack(0x00000000210c0000,0x00000000211c0000)]

siginfo: ExceptionCode=0xc0000005, reading address 0x0000000000000350

Registers:
RAX=0x000000006884ed50, RBX=0x00000000177641b8, RCX=0x0000000000004000, RDX=0x0000000000000000
RSP=0x00000000211bf1b8, RBP=0x00000000211bf220, RSI=0x0000000000004000, RDI=0x0000000000000440
R8 =0x0000000000004000, R9 =0x0000000000000006, R10=0x00007ffcd071e440, R11=0x0000000003167780
R12=0x0000000000000000, R13=0x00000000211bf280, R14=0x00000000211bf210, R15=0x000000001a3e8800
RIP=0x00007ffcd071e44a, EFLAGS=0x0000000000010246

Top of Stack: (sp=0x00000000211bf1b8)
0x00000000211bf1b8:   000000000316d103 00000000178e9730
0x00000000211bf1c8:   000000001a3e8800 fffffffe00000000
0x00000000211bf1d8:   0000000000000000 000000000000000e
0x00000000211bf1e8:   000000001a3e8800 00000000178e9730
0x00000000211bf1f8:   00000000681dc714 000000001a3e8800
0x00000000211bf208:   00000000204419d8 00000000d6273488
0x00000000211bf218:   000000001a3e8800 00000000211bf2c8
0x00000000211bf228:   00000000031677e4 00000000211bf6f8
0x00000000211bf238:   00000000211bf2c8 0000000000000000
0x00000000211bf248:   000000000000048b 0000000000004000
0x00000000211bf258:   0000000002e5992b 00000000211bf2c8
0x00000000211bf268:   0000000002e4813d 0000000000000000
0x00000000211bf278:   0000000002e4813d 0000000000004000
0x00000000211bf288:   00000000211bf288 00000000178e95f3
0x00000000211bf298:   00000000211bf308 0000000020441a68
0x00000000211bf2a8:   0000000000000000 00000000178e9730 

Instructions: (pc=0x00007ffcd071e44a)
0x00007ffcd071e42a:   28 41 8b d1 41 8b cb 4c 8b 50 18 49 ff a2 18 03
0x00007ffcd071e43a:   00 00 cc cc cc cc 48 8b 01 41 8b c8 48 8b 50 18
0x00007ffcd071e44a:   48 ff a2 50 03 00 00 cc cc cc cc cc cc cc cc cc
0x00007ffcd071e45a:   cc cc cc cc cc cc 48 8b 01 0f 28 cb f3 0f 10 5c 


Register to memory mapping:

RAX=0x000000006884ed50 is an unknown value
RBX={method} {0x00000000177641c0} 'glClear' '(I)V' in 'org/lwjgl/opengl/GL11'
RCX=0x0000000000004000 is an unknown value
RDX=0x0000000000000000 is an unknown value
RSP=0x00000000211bf1b8 is pointing into the stack for thread: 0x000000001a3e8800
RBP=0x00000000211bf220 is pointing into the stack for thread: 0x000000001a3e8800
RSI=0x0000000000004000 is an unknown value
RDI=0x0000000000000440 is an unknown value
R8 =0x0000000000004000 is an unknown value
R9 =0x0000000000000006 is an unknown value
R10=0x00007ffcd071e440 is an unknown value
R11=0x0000000003167780 is at entry_point+0 in (nmethod*)0x0000000003167610
R12=0x0000000000000000 is an unknown value
R13=0x00000000211bf280 is pointing into the stack for thread: 0x000000001a3e8800
R14=0x00000000211bf210 is pointing into the stack for thread: 0x000000001a3e8800
R15=0x000000001a3e8800 is a thread


Stack: [0x00000000210c0000,0x00000000211c0000],  sp=0x00000000211bf1b8,  free space=1020k
Native frames: (J=compiled Java code, j=interpreted, Vv=VM code, C=native code)
C  [lwjgl_opengl.dll+0xe44a]

Java frames: (J=compiled Java code, j=interpreted, Vv=VM code)
J 793  org.lwjgl.opengl.GL11.nglClear(I)V (0 bytes) @ 0x000000000316d081 [0x000000000316d040+0x41]
J 781 C1 org.lwjgl.opengl.GL11.glClear(I)V (5 bytes) @ 0x00000000031677e4 [0x0000000003167780+0x64]
j  GameLoop.renderFrame()V+3
j  GameLoop.access$100(LGameLoop;)V+1
j  GameLoop$1.call()Ljava/lang/Void;+20
j  GameLoop$1.call()Ljava/lang/Object;+1
j  java.util.concurrent.FutureTask.run()V+42
j  java.lang.Thread.run()V+11
v  ~StubRoutines::call_stub

---------------  P R O C E S S  ---------------

Java Threads: ( => current thread )
  0x000000001a3e9000 JavaThread "main" [_thread_blocked, id=11000, stack(0x00000000211c0000,0x00000000212c0000)]
=>0x000000001a3e8800 JavaThread "Thread-1" daemon [_thread_in_native, id=2644, stack(0x00000000210c0000,0x00000000211c0000)]
  0x0000000002d43000 JavaThread "DestroyJavaVM" [_thread_blocked, id=9880, stack(0x0000000002c40000,0x0000000002d40000)]
  0x0000000019e1b800 JavaThread "BlueJ worker thread" [_thread_blocked, id=5068, stack(0x000000001ab30000,0x000000001ac30000)]
  0x0000000019e0b800 JavaThread "AWT-Windows" daemon [_thread_in_native, id=8144, stack(0x000000001a800000,0x000000001a900000)]
  0x0000000019e09800 JavaThread "Java2D Disposer" daemon [_thread_blocked, id=2892, stack(0x000000001a600000,0x000000001a700000)]
  0x000000001970f000 JavaThread "Service Thread" daemon [_thread_blocked, id=4824, stack(0x0000000019ad0000,0x0000000019bd0000)]
  0x0000000017abd800 JavaThread "C1 CompilerThread2" daemon [_thread_blocked, id=10496, stack(0x00000000195d0000,0x00000000196d0000)]
  0x0000000017ab8800 JavaThread "C2 CompilerThread1" daemon [_thread_blocked, id=11172, stack(0x00000000194d0000,0x00000000195d0000)]
  0x0000000017ab5800 JavaThread "C2 CompilerThread0" daemon [_thread_blocked, id=7624, stack(0x00000000193d0000,0x00000000194d0000)]
  0x0000000017ab4800 JavaThread "JDWP Command Reader" daemon [_thread_in_native, id=10624, stack(0x00000000192d0000,0x00000000193d0000)]
  0x0000000017aa6800 JavaThread "JDWP Event Helper Thread" daemon [_thread_blocked, id=8344, stack(0x00000000191d0000,0x00000000192d0000)]
  0x0000000017a99800 JavaThread "JDWP Transport Listener: dt_shmem" daemon [_thread_blocked, id=11036, stack(0x00000000190d0000,0x00000000191d0000)]
  0x0000000017a91800 JavaThread "Attach Listener" daemon [_thread_blocked, id=8924, stack(0x0000000018fd0000,0x00000000190d0000)]
  0x0000000017a90000 JavaThread "Signal Dispatcher" daemon [_thread_blocked, id=7412, stack(0x0000000018ed0000,0x0000000018fd0000)]
  0x0000000002e3e800 JavaThread "Finalizer" daemon [_thread_blocked, id=4460, stack(0x0000000018ce0000,0x0000000018de0000)]
  0x0000000002e35000 JavaThread "Reference Handler" daemon [_thread_blocked, id=5764, stack(0x0000000018be0000,0x0000000018ce0000)]

Other Threads:
  0x0000000017a57000 VMThread [stack: 0x0000000018ae0000,0x0000000018be0000] [id=11756]
  0x000000001973f800 WatcherThread [stack: 0x0000000019bd0000,0x0000000019cd0000] [id=10728]

VM state:not at safepoint (normal execution)

VM Mutex/Monitor currently owned by a thread: None

Heap:
 PSYoungGen      total 38400K, used 30845K [0x00000000d5580000, 0x00000000d8000000, 0x0000000100000000)
  eden space 33280K, 92% used [0x00000000d5580000,0x00000000d739f478,0x00000000d7600000)
  from space 5120K, 0% used [0x00000000d7b00000,0x00000000d7b00000,0x00000000d8000000)
  to   space 5120K, 0% used [0x00000000d7600000,0x00000000d7600000,0x00000000d7b00000)
 ParOldGen       total 87552K, used 0K [0x0000000080000000, 0x0000000085580000, 0x00000000d5580000)
  object space 87552K, 0% used [0x0000000080000000,0x0000000080000000,0x0000000085580000)
 Metaspace       used 10499K, capacity 10807K, committed 11008K, reserved 1058816K
  class space    used 907K, capacity 1017K, committed 1024K, reserved 1048576K

Card table byte_map: [0x0000000012200000,0x0000000012610000] byte_map_base: 0x0000000011e00000

Marking Bits: (ParMarkBitMap*) 0x00000000688ca6d0
 Begin Bits: [0x0000000012cc0000, 0x0000000014cc0000)
 End Bits:   [0x0000000014cc0000, 0x0000000016cc0000)

Polling page: 0x0000000002ac0000

CodeCache: size=245760Kb used=3608Kb max_used=3613Kb free=242151Kb
 bounds [0x0000000002e40000, 0x00000000031d0000, 0x0000000011e40000]
 total_blobs=1780 nmethods=911 adapters=792
 compilation: enabled

Compilation events (10 events):
Event: 131.012 Thread 0x0000000017abd800 nmethod 905 0x00000000031c5a50 code [0x00000000031c5bc0, 0x00000000031c5de8]
Event: 131.012 Thread 0x0000000017abd800  907       3       org.lwjgl.PointerBuffer::get (19 bytes)
Event: 131.013 Thread 0x0000000017abd800 nmethod 907 0x00000000031c50d0 code [0x00000000031c5280, 0x00000000031c57b8]
Event: 131.013 Thread 0x0000000017abd800  908       3       org.lwjgl.system.CustomBuffer::remaining (10 bytes)
Event: 131.013 Thread 0x0000000017abd800 nmethod 908 0x00000000031c1750 code [0x00000000031c18a0, 0x00000000031c19f0]
Event: 131.013 Thread 0x0000000017ab5800 nmethod 909 0x00000000031c4e50 code [0x00000000031c4f80, 0x00000000031c5018]
Event: 131.059 Thread 0x0000000017abd800  910       3       java.lang.ClassLoader::checkPackageAccess (122 bytes)
Event: 131.060 Thread 0x0000000017abd800 nmethod 910 0x00000000031c8410 code [0x00000000031c8640, 0x00000000031c9248]
Event: 131.060 Thread 0x0000000017abd800  911   !   3       java.util.Collections$SynchronizedCollection::add (25 bytes)
Event: 131.060 Thread 0x0000000017abd800 nmethod 911 0x00000000031c4790 code [0x00000000031c4900, 0x00000000031c4ce8]

GC Heap History (0 events):
No events

Deoptimization events (3 events):
Event: 130.765 Thread 0x000000001a3ae800 Uncommon trap: reason=unstable_if action=reinterpret pc=0x0000000003095c38 method=sun.misc.URLClassPath.getLoader(I)Lsun/misc/URLClassPath$Loader; @ 36
Event: 130.765 Thread 0x000000001a3ae800 Uncommon trap: reason=unstable_if action=reinterpret pc=0x00000000031814b4 method=java.lang.ThreadLocal.get()Ljava/lang/Object; @ 11
Event: 130.767 Thread 0x000000001a3ae800 Uncommon trap: reason=unstable_if action=reinterpret pc=0x0000000003094d38 method=sun.misc.URLClassPath.getLoader(I)Lsun/misc/URLClassPath$Loader; @ 36

Internal exceptions (10 events):
Event: 2.724 Thread 0x0000000019e20800 Exception <a 'java/security/PrivilegedActionException'> (0x00000000d5d3f0e8) thrown at [C:\re\workspace\8-2-build-windows-amd64-cygwin\jdk8u101\7261\hotspot\src\share\vm\prims\jvm.cpp, line 1386]
Event: 4.097 Thread 0x0000000019e20800 Exception <a 'sun/nio/fs/WindowsException'> (0x00000000d613fbf8) thrown at [C:\re\workspace\8-2-build-windows-amd64-cygwin\jdk8u101\7261\hotspot\src\share\vm\prims\jni.cpp, line 709]
Event: 4.097 Thread 0x0000000019e20800 Exception <a 'sun/nio/fs/WindowsException'> (0x00000000d61403c8) thrown at [C:\re\workspace\8-2-build-windows-amd64-cygwin\jdk8u101\7261\hotspot\src\share\vm\prims\jni.cpp, line 709]
Event: 4.098 Thread 0x0000000019e20800 Exception <a 'sun/nio/fs/WindowsException'> (0x00000000d61424e0) thrown at [C:\re\workspace\8-2-build-windows-amd64-cygwin\jdk8u101\7261\hotspot\src\share\vm\prims\jni.cpp, line 709]
Event: 4.098 Thread 0x0000000019e20800 Exception <a 'sun/nio/fs/WindowsException'> (0x00000000d6142a30) thrown at [C:\re\workspace\8-2-build-windows-amd64-cygwin\jdk8u101\7261\hotspot\src\share\vm\prims\jni.cpp, line 709]
Event: 4.099 Thread 0x0000000019e20800 Exception <a 'sun/nio/fs/WindowsException'> (0x00000000d6143408) thrown at [C:\re\workspace\8-2-build-windows-amd64-cygwin\jdk8u101\7261\hotspot\src\share\vm\prims\jni.cpp, line 709]
Event: 4.099 Thread 0x0000000019e20800 Exception <a 'sun/nio/fs/WindowsException'> (0x00000000d6143898) thrown at [C:\re\workspace\8-2-build-windows-amd64-cygwin\jdk8u101\7261\hotspot\src\share\vm\prims\jni.cpp, line 709]
Event: 130.765 Thread 0x000000001a3ae800 Implicit null exception at 0x0000000003181361 to 0x0000000003181495
Event: 130.770 Thread 0x000000001a3ae800 Exception <a 'java/security/PrivilegedActionException'> (0x00000000d710c158) thrown at [C:\re\workspace\8-2-build-windows-amd64-cygwin\jdk8u101\7261\hotspot\src\share\vm\prims\jvm.cpp, line 1386]
Event: 130.770 Thread 0x000000001a3ae800 Exception <a 'java/security/PrivilegedActionException'> (0x00000000d710c368) thrown at [C:\re\workspace\8-2-build-windows-amd64-cygwin\jdk8u101\7261\hotspot\src\share\vm\prims\jvm.cpp, line 1386]

Events (10 events):
Event: 131.066 Executing VM operation: BulkRevokeBias
Event: 131.067 Executing VM operation: BulkRevokeBias done
Event: 131.067 Executing VM operation: RevokeBias
Event: 131.067 Executing VM operation: RevokeBias done
Event: 131.068 Executing VM operation: RevokeBias
Event: 131.068 Executing VM operation: RevokeBias done
Event: 131.068 Executing VM operation: RevokeBias
Event: 131.068 Executing VM operation: RevokeBias done
Event: 131.069 Executing VM operation: RevokeBias
Event: 131.069 Executing VM operation: RevokeBias done


Dynamic libraries:
0x00007ff7b83b0000 - 0x00007ff7b83e7000 	C:\Program Files\Java\jdk1.8.0_101\jre\bin\java.exe
0x00007ffcf1650000 - 0x00007ffcf1821000 	C:\WINDOWS\SYSTEM32\ntdll.dll
0x00007ffcf0af0000 - 0x00007ffcf0b9b000 	C:\WINDOWS\System32\KERNEL32.DLL
0x00007ffcedd40000 - 0x00007ffcedf5d000 	C:\WINDOWS\System32\KERNELBASE.dll
0x00007ffcf0330000 - 0x00007ffcf03d2000 	C:\WINDOWS\System32\ADVAPI32.dll
0x00007ffceec10000 - 0x00007ffceecae000 	C:\WINDOWS\System32\msvcrt.dll
0x00007ffcf0a90000 - 0x00007ffcf0ae9000 	C:\WINDOWS\System32\sechost.dll
0x00007ffcf0d40000 - 0x00007ffcf0e61000 	C:\WINDOWS\System32\RPCRT4.dll
0x00007ffcf0920000 - 0x00007ffcf0a85000 	C:\WINDOWS\System32\USER32.dll
0x00007ffcedf60000 - 0x00007ffcedf7e000 	C:\WINDOWS\System32\win32u.dll
0x00007ffceebd0000 - 0x00007ffceec04000 	C:\WINDOWS\System32\GDI32.dll
0x00007ffcee0a0000 - 0x00007ffcee222000 	C:\WINDOWS\System32\gdi32full.dll
0x00007ffce5d90000 - 0x00007ffce6009000 	C:\WINDOWS\WinSxS\amd64_microsoft.windows.common-controls_6595b64144ccf1df_6.0.14393.447_none_42191651c6827bb3\COMCTL32.dll
0x00007ffcf1380000 - 0x00007ffcf1648000 	C:\WINDOWS\System32\combase.dll
0x00007ffceea10000 - 0x00007ffceeb05000 	C:\WINDOWS\System32\ucrtbase.dll
0x00007ffcee030000 - 0x00007ffcee09a000 	C:\WINDOWS\System32\bcryptPrimitives.dll
0x00007ffcf0540000 - 0x00007ffcf056e000 	C:\WINDOWS\System32\IMM32.DLL
0x00000000690f0000 - 0x00000000691c2000 	C:\Program Files\Java\jdk1.8.0_101\jre\bin\msvcr100.dll
0x00000000680b0000 - 0x000000006894a000 	C:\Program Files\Java\jdk1.8.0_101\jre\bin\server\jvm.dll
0x00007ffcf0670000 - 0x00007ffcf0678000 	C:\WINDOWS\System32\PSAPI.DLL
0x00007ffce8c80000 - 0x00007ffce8c8a000 	C:\WINDOWS\SYSTEM32\VERSION.dll
0x00007ffcdc090000 - 0x00007ffcdc099000 	C:\WINDOWS\SYSTEM32\WSOCK32.dll
0x00007ffcebe10000 - 0x00007ffcebe33000 	C:\WINDOWS\SYSTEM32\WINMM.dll
0x00007ffcf0ba0000 - 0x00007ffcf0c0a000 	C:\WINDOWS\System32\WS2_32.dll
0x00007ffcebba0000 - 0x00007ffcebbcb000 	C:\WINDOWS\SYSTEM32\WINMMBASE.dll
0x00007ffcedb20000 - 0x00007ffcedb62000 	C:\WINDOWS\System32\cfgmgr32.dll
0x00000000690e0000 - 0x00000000690ef000 	C:\Program Files\Java\jdk1.8.0_101\jre\bin\verify.dll
0x00000000690b0000 - 0x00000000690d9000 	C:\Program Files\Java\jdk1.8.0_101\jre\bin\java.dll
0x0000000067e00000 - 0x0000000067e35000 	C:\Program Files\Java\jdk1.8.0_101\jre\bin\jdwp.dll
0x0000000068fb0000 - 0x0000000068fb8000 	C:\Program Files\Java\jdk1.8.0_101\jre\bin\npt.dll
0x0000000069090000 - 0x00000000690a6000 	C:\Program Files\Java\jdk1.8.0_101\jre\bin\zip.dll
0x00007ffceecb0000 - 0x00007ffcf01b9000 	C:\WINDOWS\System32\SHELL32.dll
0x00007ffcee290000 - 0x00007ffcee96a000 	C:\WINDOWS\System32\windows.storage.dll
0x00007ffcedaa0000 - 0x00007ffcedaec000 	C:\WINDOWS\System32\powrprof.dll
0x00007ffcf08c0000 - 0x00007ffcf0912000 	C:\WINDOWS\System32\shlwapi.dll
0x00007ffcedaf0000 - 0x00007ffcedaff000 	C:\WINDOWS\System32\kernel.appcore.dll
0x00007ffceeb10000 - 0x00007ffceebb9000 	C:\WINDOWS\System32\shcore.dll
0x00007ffcedb00000 - 0x00007ffcedb14000 	C:\WINDOWS\System32\profapi.dll
0x0000000068fc0000 - 0x0000000068fcb000 	C:\Program Files\Java\jdk1.8.0_101\jre\bin\dt_shmem.dll
0x0000000067f10000 - 0x00000000680a8000 	C:\Program Files\Java\jdk1.8.0_101\jre\bin\awt.dll
0x00007ffcf0c10000 - 0x00007ffcf0ccf000 	C:\WINDOWS\System32\OLEAUT32.dll
0x00007ffcee970000 - 0x00007ffceea0c000 	C:\WINDOWS\System32\msvcp_win.dll
0x00007ffcec040000 - 0x00007ffcec0ba000 	C:\WINDOWS\SYSTEM32\apphelp.dll
0x00007ffcec1e0000 - 0x00007ffcec275000 	C:\WINDOWS\system32\uxtheme.dll
0x00007ffcf03e0000 - 0x00007ffcf053b000 	C:\WINDOWS\System32\MSCTF.dll
0x00007ffceb8c0000 - 0x00007ffceb8e6000 	C:\WINDOWS\system32\dwmapi.dll
0x00007ffcf01e0000 - 0x00007ffcf0317000 	C:\WINDOWS\System32\ole32.dll
0x0000000069070000 - 0x000000006908a000 	C:\Program Files\Java\jdk1.8.0_101\jre\bin\net.dll
0x00007ffced3c0000 - 0x00007ffced41c000 	C:\WINDOWS\system32\mswsock.dll
0x0000000069050000 - 0x0000000069061000 	C:\Program Files\Java\jdk1.8.0_101\jre\bin\nio.dll
0x00007ffcd1030000 - 0x00007ffcd1087000 	C:\Users\Poom\AppData\Local\Temp\lwjglPoom\3.1.1-build-16\lwjgl.dll
0x00007ffced560000 - 0x00007ffced56b000 	C:\WINDOWS\SYSTEM32\CRYPTBASE.DLL
0x00007ffcd13f0000 - 0x00007ffcd142c000 	C:\Users\Poom\AppData\Local\Temp\lwjglPoom\3.1.1-build-16\glfw.dll
0x00007ffcd0860000 - 0x00007ffcd08a0000 	C:\WINDOWS\SYSTEM32\dinput8.dll
0x00007ffce3980000 - 0x00007ffce398e000 	C:\WINDOWS\SYSTEM32\xinput1_4.dll
0x00007ffcec720000 - 0x00007ffcec748000 	C:\WINDOWS\SYSTEM32\DEVOBJ.dll
0x00007ffcec980000 - 0x00007ffcec98c000 	C:\WINDOWS\SYSTEM32\HID.DLL
0x00007ffcf0ed0000 - 0x00007ffcf12f9000 	C:\WINDOWS\System32\SETUPAPI.DLL
0x00007ffcee230000 - 0x00007ffcee285000 	C:\WINDOWS\System32\WINTRUST.dll
0x00007ffceda90000 - 0x00007ffcedaa0000 	C:\WINDOWS\System32\MSASN1.dll
0x00007ffcedb70000 - 0x00007ffcedd39000 	C:\WINDOWS\System32\CRYPT32.dll
0x00007ffcc08e0000 - 0x00007ffcc0a03000 	C:\WINDOWS\SYSTEM32\opengl32.dll
0x00007ffcbf630000 - 0x00007ffcbf727000 	C:\WINDOWS\SYSTEM32\DDRAW.dll
0x00007ffce0a00000 - 0x00007ffce0a2d000 	C:\WINDOWS\SYSTEM32\GLU32.dll
0x00007ffce2650000 - 0x00007ffce2658000 	C:\WINDOWS\SYSTEM32\DCIMAN32.dll
0x0000000065ca0000 - 0x0000000067df0000 	C:\WINDOWS\SYSTEM32\nvoglv64.DLL
0x00007ffceb710000 - 0x00007ffceb723000 	C:\WINDOWS\SYSTEM32\WTSAPI32.dll
0x00007ffcecea0000 - 0x00007ffceced2000 	C:\WINDOWS\SYSTEM32\ntmarta.dll
0x00007ffcecc50000 - 0x00007ffcecca6000 	C:\WINDOWS\SYSTEM32\WINSTA.dll
0x00007ffcd0820000 - 0x00007ffcd085e000 	C:\Users\Poom\AppData\Local\Temp\lwjglPoom\3.1.1-build-16\jemalloc.dll
0x00007ffcd0710000 - 0x00007ffcd076f000 	C:\Users\Poom\AppData\Local\Temp\lwjglPoom\3.1.1-build-16\lwjgl_opengl.dll
0x00007ffcc0860000 - 0x00007ffcc08d5000 	C:\Users\Poom\AppData\Local\Temp\lwjglPoom\3.1.1-build-16\lwjgl_stb.dll
0x00007ffcd99a0000 - 0x00007ffcd9b32000 	C:\WINDOWS\SYSTEM32\dbghelp.dll

VM Arguments:
jvm_args: -ea -Djavafx.macosx.embedded=true -agentlib:jdwp=transport=dt_shmem,address=javadebug -Dfile.encoding=UTF-8 
java_command: bluej.runtime.ExecServer UTF-8
java_class_path (initial): C:\Program Files (x86)\BlueJ\lib\bluejcore.jar;C:\Program Files (x86)\BlueJ\lib\junit-4.8.2.jar;I:\JavaxSwingGame\lwjgl;C:\Program Files (x86)\BlueJ\lib\userlib\pi4j-core.jar;C:\Program Files (x86)\BlueJ\lib\userlib\pi4j-device.jar;C:\Program Files (x86)\BlueJ\lib\userlib\pi4j-gpio-extension.jar;C:\Program Files (x86)\BlueJ\lib\userlib\pi4j-service.jar;I:\JavaxSwingGame\+libs\lwjgl-glfw-sources.jar;I:\JavaxSwingGame\+libs\lwjgl-glfw.jar;I:\JavaxSwingGame\+libs\lwjgl-glfw-natives-windows.jar;I:\JavaxSwingGame\+libs\lwjgl-glfw-javadoc.jar;I:\JavaxSwingGame\+libs\lwjgl-jemalloc-sources.jar;I:\JavaxSwingGame\+libs\lwjgl-jemalloc-natives-windows.jar;I:\JavaxSwingGame\+libs\lwjgl-jemalloc-javadoc.jar;I:\JavaxSwingGame\+libs\lwjgl-jemalloc.jar;I:\JavaxSwingGame\+libs\lwjgl-nanovg-javadoc.jar;I:\JavaxSwingGame\+libs\lwjgl-nanovg-natives-windows.jar;I:\JavaxSwingGame\+libs\lwjgl-nanovg-sources.jar;I:\JavaxSwingGame\+libs\lwjgl-nanovg.jar;I:\JavaxSwingGame\+libs\lwjgl-nfd-javadoc.jar;I:\JavaxSwingGame\+libs\lwjgl-nfd-natives-windows.jar;I:\JavaxSwingGame\+libs\lwjgl-nfd-sources.jar;I:\JavaxSwingGame\+libs\lwjgl-openal-javadoc.jar;I:\JavaxSwingGame\+libs\lwjgl-nfd.jar;I:\JavaxSwingGame\+libs\lwjgl-nuklear-natives-windows.jar;I:\JavaxSwingGame\+libs\lwjgl-nuklear-javadoc.jar;I:\JavaxSwingGame\+libs\lwjgl-nuklear-sources.jar;I:\JavaxSwingGame\+libs\lwjgl-nuklear.jar;I:\JavaxSwingGame\+libs\lwjgl-openal-sources.jar;I:\JavaxSwingGame\+libs\lwjgl-openal.jar;I:\JavaxSwingGame\+libs\lwjgl-openal-natives-windows.jar;I:\JavaxSwingGame\+libs\lwjgl-opengl-javadoc.jar;I:\JavaxSwingGame\+libs\lwjgl-opengl-natives-windows.jar;I:\JavaxSwingGame\+libs\lwjgl-opengl-sources.jar;I:\JavaxSwingGame\+libs\lwjgl-par-javadoc.jar;I:\JavaxSwingGame\+libs\lwjgl-par-natives-windows.jar;I:\JavaxSwingGame\+libs\lwjgl-opengl.jar;I:\JavaxSwingGame\+libs\lwjgl-par-sources.jar;I:\JavaxSwingGame\+libs\lwjgl-par.jar;I:\JavaxSwingGame\+libs\lwjgl-stb-javadoc.jar;I:\JavaxSwingGame\+lib
Launcher Type: SUN_STANDARD

Environment Variables:
PATH=C:\ProgramData\Oracle\Java\javapath;C:\Windows\system32;C:\Windows;C:\Windows\System32\Wbem;C:\Windows\System32\WindowsPowerShell\v1.0\;C:\Program Files (x86)\NVIDIA Corporation\PhysX\Common;C:\WINDOWS\system32;C:\WINDOWS;C:\WINDOWS\System32\Wbem;C:\WINDOWS\System32\WindowsPowerShell\v1.0\;C:\Python27\;C:\adb;C:\Program Files (x86)\QuickTime\QTSystem\;C:\Program Files (x86)\GtkSharp\2.12\bin;C:\Program Files\Java\jdk1.8.0_101\bin;C:\WINDOWS\system32;C:\WINDOWS;C:\WINDOWS\System32\Wbem;C:\WINDOWS\System32\WindowsPowerShell\v1.0\;C:\Program Files (x86)\Skype\Phone\;C:\Users\Poom\AppData\Local\Microsoft\WindowsApps;
USERNAME=Poom
OS=Windows_NT
PROCESSOR_IDENTIFIER=Intel64 Family 6 Model 15 Stepping 11, GenuineIntel



---------------  S Y S T E M  ---------------

OS: Windows 10.0 , 64 bit Build 14393 (10.0.14393.0)

CPU:total 4 (4 cores per cpu, 1 threads per core) family 6 model 15 stepping 11, cmov, cx8, fxsr, mmx, sse, sse2, sse3, ssse3, tsc

Memory: 4k page, physical 8387812k(3102028k free), swap 16776420k(7952824k free)

vm_info: Java HotSpot(TM) 64-Bit Server VM (25.101-b13) for windows-amd64 JRE (1.8.0_101-b13), built on Jun 22 2016 01:21:29 by "java_re" with MS VC++ 10.0 (VS2010)

time: Thu Apr 13 10:54:59 2017
elapsed time: 131 seconds (0d 0h 2m 11s)

